[debug] [2018-03-20T06:45:12.783Z] ----------------------------------------------------------------------
[debug] [2018-03-20T06:45:12.785Z] Command:       /usr/local/bin/node /usr/local/bin/firebase serve
[debug] [2018-03-20T06:45:12.785Z] CLI Version:   3.17.6
[debug] [2018-03-20T06:45:12.785Z] Platform:      darwin
[debug] [2018-03-20T06:45:12.785Z] Node Version:  v8.9.4
[debug] [2018-03-20T06:45:12.786Z] Time:          Mon Mar 19 2018 23:45:12 GMT-0700 (PDT)
[debug] [2018-03-20T06:45:12.786Z] ----------------------------------------------------------------------
[debug] 
[debug] [2018-03-20T06:45:12.801Z] > command requires scopes: ["email","openid","https://www.googleapis.com/auth/cloudplatformprojects.readonly","https://www.googleapis.com/auth/firebase","https://www.googleapis.com/auth/cloud-platform"]
[debug] [2018-03-20T06:45:12.801Z] > authorizing via signed-in user
[debug] [2018-03-20T06:45:12.803Z] > refreshing access token with scopes: ["email","https://www.googleapis.com/auth/cloud-platform","https://www.googleapis.com/auth/cloudplatformprojects.readonly","https://www.googleapis.com/auth/firebase","openid"]
[debug] [2018-03-20T06:45:12.803Z] >>> HTTP REQUEST POST https://www.googleapis.com/oauth2/v3/token  
 { refresh_token: '1/Q6N5yNAeekiw7SAycGYGxqEXfrhNgY6rNYgfYczM5uE',
  client_id: '563584335869-fgrhgmd47bqnekij5i8b5pr03ho849e6.apps.googleusercontent.com',
  client_secret: 'j9iVZfS8kkCEFUPaAeJV0sAi',
  grant_type: 'refresh_token',
  scope: 'email https://www.googleapis.com/auth/cloud-platform https://www.googleapis.com/auth/cloudplatformprojects.readonly https://www.googleapis.com/auth/firebase openid' } 
 Mon Mar 19 2018 23:45:12 GMT-0700 (PDT)
[debug] [2018-03-20T06:45:13.307Z] <<< HTTP RESPONSE 200
[debug] [2018-03-20T06:45:13.335Z] >>> HTTP REQUEST GET https://admin.firebase.com/v1/projects/uw-htc-website  
  
 Mon Mar 19 2018 23:45:13 GMT-0700 (PDT)
[debug] [2018-03-20T06:45:14.835Z] <<< HTTP RESPONSE 200
[debug] [2018-03-20T06:45:14.836Z] >>> HTTP REQUEST GET https://admin.firebase.com/v1/database/uw-htc-website/tokens  
  
 Mon Mar 19 2018 23:45:14 GMT-0700 (PDT)
[debug] [2018-03-20T06:45:15.267Z] <<< HTTP RESPONSE 200
[debug] [2018-03-20T06:45:15.268Z] >>> HTTP REQUEST GET https://cloudresourcemanager.googleapis.com/v1/projects/uw-htc-website  
  
 Mon Mar 19 2018 23:45:15 GMT-0700 (PDT)
[debug] [2018-03-20T06:45:15.797Z] <<< HTTP RESPONSE 200
[info] 
[info] === Serving from '/Users/kevink97/Desktop/htc-website'...
[info] 
[debug] [2018-03-20T06:45:15.799Z] >>> HTTP REQUEST GET https://mobilesdk-pa.googleapis.com/v1/projects/771697394602/clients/_:getWebAppConfig  
  
 Mon Mar 19 2018 23:45:15 GMT-0700 (PDT)
[debug] [2018-03-20T06:45:16.349Z] <<< HTTP RESPONSE 200
[info] i  hosting: Serving hosting files from: public
[info] ✔  hosting: Local server: http://localhost:5000

